2026-01-30 13:57:21,921 - ERROR - Invalid date format for Chicken Soup for the Teenage Soul II: More Stories of Life, Love and Learning: February 2025
2026-01-30 14:03:10,121 - ERROR - Invalid date format for Liberation: Teens in the Concentration Camps and the Teen Soldiers Who Liberated Them: February 2025
2026-01-30 14:05:04,218 - ERROR - Invalid date format for Liberation: Teens in the Concentration Camps and the Teen Soldiers Who Liberated Them: February 2025
2026-01-30 14:12:33,708 - WARNING - Attempt 1 failed for Filippo Lippi: cannot access local variable 'after_values' where it is not associated with a value. Retrying...
2026-01-30 14:13:07,744 - WARNING - Attempt 2 failed for Filippo Lippi: cannot access local variable 'after_values' where it is not associated with a value. Retrying...
2026-01-30 14:13:41,523 - ERROR - All attempts failed for Filippo Lippi: cannot access local variable 'after_values' where it is not associated with a value
2026-01-30 14:13:56,003 - INFO - Successfully collected data for: The Mist
2026-01-30 14:14:10,093 - WARNING - Attempt 1 failed for Last Night at the Telegraph Club: cannot access local variable 'before_values' where it is not associated with a value. Retrying...
2026-01-30 14:14:43,712 - WARNING - Attempt 2 failed for Last Night at the Telegraph Club: cannot access local variable 'before_values' where it is not associated with a value. Retrying...
2026-01-30 14:15:17,694 - ERROR - All attempts failed for Last Night at the Telegraph Club: cannot access local variable 'before_values' where it is not associated with a value
2026-01-30 14:15:31,825 - WARNING - Attempt 1 failed for Wonders of the Invisible World: cannot access local variable 'before_values' where it is not associated with a value. Retrying...
2026-01-30 14:16:05,624 - WARNING - Attempt 2 failed for Wonders of the Invisible World: cannot access local variable 'before_values' where it is not associated with a value. Retrying...
2026-01-30 14:16:39,017 - ERROR - All attempts failed for Wonders of the Invisible World: cannot access local variable 'before_values' where it is not associated with a value
2026-01-30 14:16:52,629 - WARNING - Attempt 1 failed for Dragon Ball, Vol. 5: cannot access local variable 'before_values' where it is not associated with a value. Retrying...
2026-01-30 14:17:25,860 - WARNING - Attempt 2 failed for Dragon Ball, Vol. 5: cannot access local variable 'before_values' where it is not associated with a value. Retrying...
2026-01-30 14:17:59,146 - ERROR - All attempts failed for Dragon Ball, Vol. 5: cannot access local variable 'before_values' where it is not associated with a value
2026-01-30 14:18:13,126 - WARNING - Attempt 1 failed for The End and Other Beginnings: Stories from the Future: cannot access local variable 'before_values' where it is not associated with a value. Retrying...
2026-01-30 14:18:46,432 - WARNING - Attempt 2 failed for The End and Other Beginnings: Stories from the Future: cannot access local variable 'before_values' where it is not associated with a value. Retrying...
2026-01-30 14:19:19,659 - ERROR - All attempts failed for The End and Other Beginnings: Stories from the Future: cannot access local variable 'before_values' where it is not associated with a value
2026-01-30 14:19:34,211 - INFO - Successfully collected data for: Echo After Echo
2026-01-30 14:19:47,944 - INFO - Successfully collected data for: Song of Solomon
2026-01-30 14:20:01,444 - WARNING - Attempt 1 failed for Winterkeep: cannot access local variable 'before_values' where it is not associated with a value. Retrying...
2026-01-30 14:20:34,784 - WARNING - Attempt 2 failed for Winterkeep: cannot access local variable 'before_values' where it is not associated with a value. Retrying...
2026-01-30 14:21:08,035 - ERROR - All attempts failed for Winterkeep: cannot access local variable 'before_values' where it is not associated with a value
2026-01-30 14:21:21,935 - INFO - Successfully collected data for: Slaughterhouse-Five
2026-01-30 14:22:06,606 - WARNING - Attempt 1 failed for Filippo Lippi: cannot access local variable 'after_values' where it is not associated with a value. Retrying...
2026-01-30 14:23:16,757 - WARNING - Attempt 2 failed for Filippo Lippi: HTTPSConnectionPool(host='trends.google.com', port=443): Max retries exceeded with url: /trends/api/explore?hl=en-US&tz=360&req=%7B%22comparisonItem%22%3A+%5B%7B%22keyword%22%3A+%22Filippo+Lippi%22%2C+%22time%22%3A+%222025-01-01+2025-03-31%22%2C+%22geo%22%3A+%22US%22%7D%5D%2C+%22category%22%3A+0%2C+%22property%22%3A+%22%22%7D (Caused by NameResolutionError("HTTPSConnection(host='trends.google.com', port=443): Failed to resolve 'trends.google.com' ([Errno 8] nodename nor servname provided, or not known)")). Retrying...
2026-01-30 14:24:54,328 - ERROR - All attempts failed for Filippo Lippi: HTTPSConnectionPool(host='trends.google.com', port=443): Max retries exceeded with url: /trends/api/explore?hl=en-US&tz=360&req=%7B%22comparisonItem%22%3A+%5B%7B%22keyword%22%3A+%22Filippo+Lippi%22%2C+%22time%22%3A+%222025-01-01+2025-03-31%22%2C+%22geo%22%3A+%22US%22%7D%5D%2C+%22category%22%3A+0%2C+%22property%22%3A+%22%22%7D (Caused by NameResolutionError("HTTPSConnection(host='trends.google.com', port=443): Failed to resolve 'trends.google.com' ([Errno 8] nodename nor servname provided, or not known)"))
2026-01-30 14:24:54,339 - WARNING - Attempt 1 failed for The Mist: HTTPSConnectionPool(host='trends.google.com', port=443): Max retries exceeded with url: /trends/api/explore?hl=en-US&tz=360&req=%7B%22comparisonItem%22%3A+%5B%7B%22keyword%22%3A+%22The+Mist%22%2C+%22time%22%3A+%222025-03-03+2025-05-31%22%2C+%22geo%22%3A+%22US%22%7D%5D%2C+%22category%22%3A+0%2C+%22property%22%3A+%22%22%7D (Caused by NameResolutionError("HTTPSConnection(host='trends.google.com', port=443): Failed to resolve 'trends.google.com' ([Errno 8] nodename nor servname provided, or not known)")). Retrying...
2026-01-30 14:25:17,198 - WARNING - Attempt 2 failed for The Mist: HTTPSConnectionPool(host='trends.google.com', port=443): Max retries exceeded with url: /trends/api/explore?hl=en-US&tz=360&req=%7B%22comparisonItem%22%3A+%5B%7B%22keyword%22%3A+%22The+Mist%22%2C+%22time%22%3A+%222025-03-03+2025-05-31%22%2C+%22geo%22%3A+%22US%22%7D%5D%2C+%22category%22%3A+0%2C+%22property%22%3A+%22%22%7D (Caused by NameResolutionError("HTTPSConnection(host='trends.google.com', port=443): Failed to resolve 'trends.google.com' ([Errno 8] nodename nor servname provided, or not known)")). Retrying...
2026-01-30 14:27:11,541 - INFO - Successfully collected data for: The Mist
2026-01-30 14:27:37,730 - WARNING - Attempt 1 failed for Last Night at the Telegraph Club: HTTPSConnectionPool(host='trends.google.com', port=443): Max retries exceeded with url: /trends/api/explore?hl=en-US&tz=360&req=%7B%22comparisonItem%22%3A+%5B%7B%22keyword%22%3A+%22Last+Night+at+the+Telegraph+Club%22%2C+%22time%22%3A+%222025-04-02+2025-06-30%22%2C+%22geo%22%3A+%22US%22%7D%5D%2C+%22category%22%3A+0%2C+%22property%22%3A+%22%22%7D (Caused by NewConnectionError("HTTPSConnection(host='trends.google.com', port=443): Failed to establish a new connection: [Errno 51] Network is unreachable")). Retrying...
2026-01-30 14:28:03,524 - WARNING - Attempt 2 failed for Last Night at the Telegraph Club: HTTPSConnectionPool(host='trends.google.com', port=443): Max retries exceeded with url: /trends/api/explore?hl=en-US&tz=360&req=%7B%22comparisonItem%22%3A+%5B%7B%22keyword%22%3A+%22Last+Night+at+the+Telegraph+Club%22%2C+%22time%22%3A+%222025-01-01+2025-03-31%22%2C+%22geo%22%3A+%22US%22%7D%5D%2C+%22category%22%3A+0%2C+%22property%22%3A+%22%22%7D (Caused by NameResolutionError("HTTPSConnection(host='trends.google.com', port=443): Failed to resolve 'trends.google.com' ([Errno 8] nodename nor servname provided, or not known)")). Retrying...
2026-01-30 14:29:30,955 - ERROR - All attempts failed for Last Night at the Telegraph Club: cannot access local variable 'before_values' where it is not associated with a value
2026-01-30 14:29:44,844 - WARNING - Attempt 1 failed for Wonders of the Invisible World: cannot access local variable 'before_values' where it is not associated with a value. Retrying...
2026-01-30 14:30:18,535 - WARNING - Attempt 2 failed for Wonders of the Invisible World: cannot access local variable 'before_values' where it is not associated with a value. Retrying...
2026-01-30 14:48:06,034 - ERROR - All attempts failed for Wonders of the Invisible World: HTTPSConnectionPool(host='trends.google.com', port=443): Read timed out.
2026-01-30 14:48:20,252 - WARNING - Attempt 1 failed for Dragon Ball, Vol. 5: cannot access local variable 'after_values' where it is not associated with a value. Retrying...
2026-01-30 15:06:44,413 - WARNING - Attempt 2 failed for Dragon Ball, Vol. 5: cannot access local variable 'after_values' where it is not associated with a value. Retrying...
2026-01-30 15:23:09,008 - ERROR - All attempts failed for Dragon Ball, Vol. 5: cannot access local variable 'after_values' where it is not associated with a value
2026-01-30 15:23:34,252 - WARNING - Attempt 1 failed for The End and Other Beginnings: Stories from the Future: HTTPSConnectionPool(host='trends.google.com', port=443): Max retries exceeded with url: /trends/api/explore?hl=en-US&tz=360&req=%7B%22comparisonItem%22%3A+%5B%7B%22keyword%22%3A+%22The+End+and+Other+Beginnings%3A+Stories+from+the+Future%22%2C+%22time%22%3A+%222025-02-02+2025-05-02%22%2C+%22geo%22%3A+%22US%22%7D%5D%2C+%22category%22%3A+0%2C+%22property%22%3A+%22%22%7D (Caused by NameResolutionError("HTTPSConnection(host='trends.google.com', port=443): Failed to resolve 'trends.google.com' ([Errno 8] nodename nor servname provided, or not known)")). Retrying...
2026-01-30 15:24:55,611 - WARNING - Attempt 2 failed for The End and Other Beginnings: Stories from the Future: HTTPSConnectionPool(host='trends.google.com', port=443): Max retries exceeded with url: /trends/api/explore?hl=en-US&tz=360&req=%7B%22comparisonItem%22%3A+%5B%7B%22keyword%22%3A+%22The+End+and+Other+Beginnings%3A+Stories+from+the+Future%22%2C+%22time%22%3A+%222024-11-03+2025-01-31%22%2C+%22geo%22%3A+%22US%22%7D%5D%2C+%22category%22%3A+0%2C+%22property%22%3A+%22%22%7D (Caused by NameResolutionError("HTTPSConnection(host='trends.google.com', port=443): Failed to resolve 'trends.google.com' ([Errno 8] nodename nor servname provided, or not known)")). Retrying...
2026-01-30 15:26:29,824 - ERROR - All attempts failed for The End and Other Beginnings: Stories from the Future: HTTPSConnectionPool(host='trends.google.com', port=443): Max retries exceeded with url: /trends/api/explore?hl=en-US&tz=360&req=%7B%22comparisonItem%22%3A+%5B%7B%22keyword%22%3A+%22The+End+and+Other+Beginnings%3A+Stories+from+the+Future%22%2C+%22time%22%3A+%222024-11-03+2025-01-31%22%2C+%22geo%22%3A+%22US%22%7D%5D%2C+%22category%22%3A+0%2C+%22property%22%3A+%22%22%7D (Caused by NameResolutionError("HTTPSConnection(host='trends.google.com', port=443): Failed to resolve 'trends.google.com' ([Errno 8] nodename nor servname provided, or not known)"))
2026-01-30 15:26:29,830 - WARNING - Attempt 1 failed for Echo After Echo: HTTPSConnectionPool(host='trends.google.com', port=443): Max retries exceeded with url: /trends/api/explore?hl=en-US&tz=360&req=%7B%22comparisonItem%22%3A+%5B%7B%22keyword%22%3A+%22Echo+After+Echo%22%2C+%22time%22%3A+%222024-09-02+2024-11-30%22%2C+%22geo%22%3A+%22US%22%7D%5D%2C+%22category%22%3A+0%2C+%22property%22%3A+%22%22%7D (Caused by NameResolutionError("HTTPSConnection(host='trends.google.com', port=443): Failed to resolve 'trends.google.com' ([Errno 8] nodename nor servname provided, or not known)")). Retrying...
2026-01-30 15:30:53,980 - WARNING - Attempt 2 failed for Echo After Echo: HTTPSConnectionPool(host='trends.google.com', port=443): Max retries exceeded with url: /trends/api/explore?hl=en-US&tz=360&req=%7B%22comparisonItem%22%3A+%5B%7B%22keyword%22%3A+%22Echo+After+Echo%22%2C+%22time%22%3A+%222024-09-02+2024-11-30%22%2C+%22geo%22%3A+%22US%22%7D%5D%2C+%22category%22%3A+0%2C+%22property%22%3A+%22%22%7D (Caused by NameResolutionError("HTTPSConnection(host='trends.google.com', port=443): Failed to resolve 'trends.google.com' ([Errno 8] nodename nor servname provided, or not known)")). Retrying...
2026-01-30 15:32:44,982 - ERROR - All attempts failed for Echo After Echo: HTTPSConnectionPool(host='trends.google.com', port=443): Max retries exceeded with url: /trends/api/explore?hl=en-US&tz=360&req=%7B%22comparisonItem%22%3A+%5B%7B%22keyword%22%3A+%22Echo+After+Echo%22%2C+%22time%22%3A+%222024-09-02+2024-11-30%22%2C+%22geo%22%3A+%22US%22%7D%5D%2C+%22category%22%3A+0%2C+%22property%22%3A+%22%22%7D (Caused by NameResolutionError("HTTPSConnection(host='trends.google.com', port=443): Failed to resolve 'trends.google.com' ([Errno 8] nodename nor servname provided, or not known)"))
2026-01-30 15:32:44,988 - WARNING - Attempt 1 failed for Song of Solomon: HTTPSConnectionPool(host='trends.google.com', port=443): Max retries exceeded with url: /trends/api/explore?hl=en-US&tz=360&req=%7B%22comparisonItem%22%3A+%5B%7B%22keyword%22%3A+%22Song+of+Solomon%22%2C+%22time%22%3A+%222025-03-03+2025-05-31%22%2C+%22geo%22%3A+%22US%22%7D%5D%2C+%22category%22%3A+0%2C+%22property%22%3A+%22%22%7D (Caused by NameResolutionError("HTTPSConnection(host='trends.google.com', port=443): Failed to resolve 'trends.google.com' ([Errno 8] nodename nor servname provided, or not known)")). Retrying...
2026-01-30 15:34:07,029 - INFO - Successfully collected data for: Song of Solomon
2026-01-30 15:34:21,792 - WARNING - Attempt 1 failed for Winterkeep: cannot access local variable 'before_values' where it is not associated with a value. Retrying...
2026-01-30 15:34:55,125 - WARNING - Attempt 2 failed for Winterkeep: cannot access local variable 'before_values' where it is not associated with a value. Retrying...
2026-01-30 15:35:28,455 - ERROR - All attempts failed for Winterkeep: cannot access local variable 'before_values' where it is not associated with a value
2026-01-30 15:35:41,703 - WARNING - Attempt 1 failed for Slaughterhouse-Five: cannot access local variable 'after_values' where it is not associated with a value. Retrying...
2026-01-30 15:36:15,030 - WARNING - Attempt 2 failed for Slaughterhouse-Five: cannot access local variable 'after_values' where it is not associated with a value. Retrying...
2026-01-30 15:36:48,354 - ERROR - All attempts failed for Slaughterhouse-Five: cannot access local variable 'after_values' where it is not associated with a value
